Maximum iterations [100-4000]?
---------- Iteration number: 100 ------------
[995,995]:  0.00  [996,996]: 72.67  [997,997]: 81.40  [998,998]: 88.97  [999,999]: 94.86  [1000,1000]: 98.67  
---------- Iteration number: 200 ------------
[995,995]:  0.00  [996,996]: 84.86  [997,997]: 89.91  [998,998]: 94.10  [999,999]: 97.26  [1000,1000]: 99.28  
---------- Iteration number: 300 ------------
[995,995]:  0.00  [996,996]: 89.39  [997,997]: 92.96  [998,998]: 95.88  [999,999]: 98.07  [1000,1000]: 99.49  
---------- Iteration number: 400 ------------
[995,995]:  0.00  [996,996]: 91.75  [997,997]: 94.52  [998,998]: 96.78  [999,999]: 98.48  [1000,1000]: 99.59  
---------- Iteration number: 500 ------------
[995,995]:  0.00  [996,996]: 93.19  [997,997]: 95.47  [998,998]: 97.33  [999,999]: 98.73  [1000,1000]: 99.66  
---------- Iteration number: 600 ------------
[995,995]:  0.00  [996,996]: 94.17  [997,997]: 96.11  [998,998]: 97.69  [999,999]: 98.89  [1000,1000]: 99.70  
---------- Iteration number: 700 ------------
[995,995]:  0.00  [996,996]: 94.87  [997,997]: 96.57  [998,998]: 97.95  [999,999]: 99.01  [1000,1000]: 99.73  
---------- Iteration number: 800 ------------
[995,995]:  0.00  [996,996]: 95.40  [997,997]: 96.91  [998,998]: 98.15  [999,999]: 99.10  [1000,1000]: 99.75  
---------- Iteration number: 900 ------------
[995,995]:  0.00  [996,996]: 95.81  [997,997]: 97.18  [998,998]: 98.30  [999,999]: 99.17  [1000,1000]: 99.77  
---------- Iteration number: 1000 ------------
[995,995]:  0.00  [996,996]: 96.15  [997,997]: 97.40  [998,998]: 98.42  [999,999]: 99.22  [1000,1000]: 99.78  
---------- Iteration number: 1100 ------------
[995,995]:  0.00  [996,996]: 96.42  [997,997]: 97.57  [998,998]: 98.52  [999,999]: 99.27  [1000,1000]: 99.79  
---------- Iteration number: 1200 ------------
[995,995]:  0.00  [996,996]: 96.64  [997,997]: 97.72  [998,998]: 98.61  [999,999]: 99.30  [1000,1000]: 99.80  
---------- Iteration number: 1300 ------------
[995,995]:  0.00  [996,996]: 96.84  [997,997]: 97.84  [998,998]: 98.68  [999,999]: 99.33  [1000,1000]: 99.81  
---------- Iteration number: 1400 ------------
[995,995]:  0.00  [996,996]: 97.00  [997,997]: 97.95  [998,998]: 98.74  [999,999]: 99.36  [1000,1000]: 99.82  
---------- Iteration number: 1500 ------------
[995,995]:  0.00  [996,996]: 97.15  [997,997]: 98.04  [998,998]: 98.79  [999,999]: 99.38  [1000,1000]: 99.82  
---------- Iteration number: 1600 ------------
[995,995]:  0.00  [996,996]: 97.27  [997,997]: 98.12  [998,998]: 98.84  [999,999]: 99.40  [1000,1000]: 99.83  
---------- Iteration number: 1700 ------------
[995,995]:  0.00  [996,996]: 97.38  [997,997]: 98.20  [998,998]: 98.88  [999,999]: 99.42  [1000,1000]: 99.83  
---------- Iteration number: 1800 ------------
[995,995]:  0.00  [996,996]: 97.48  [997,997]: 98.26  [998,998]: 98.91  [999,999]: 99.44  [1000,1000]: 99.83  
---------- Iteration number: 1900 ------------
[995,995]:  0.00  [996,996]: 97.57  [997,997]: 98.32  [998,998]: 98.94  [999,999]: 99.45  [1000,1000]: 99.84  
---------- Iteration number: 2000 ------------
[995,995]:  0.00  [996,996]: 97.65  [997,997]: 98.37  [998,998]: 98.97  [999,999]: 99.47  [1000,1000]: 99.84  
---------- Iteration number: 2100 ------------
[995,995]:  0.00  [996,996]: 97.72  [997,997]: 98.41  [998,998]: 99.00  [999,999]: 99.48  [1000,1000]: 99.84  
---------- Iteration number: 2200 ------------
[995,995]:  0.00  [996,996]: 97.78  [997,997]: 98.45  [998,998]: 99.02  [999,999]: 99.49  [1000,1000]: 99.85  
---------- Iteration number: 2300 ------------
[995,995]:  0.00  [996,996]: 97.84  [997,997]: 98.49  [998,998]: 99.05  [999,999]: 99.50  [1000,1000]: 99.85  
---------- Iteration number: 2400 ------------
[995,995]:  0.00  [996,996]: 97.90  [997,997]: 98.53  [998,998]: 99.06  [999,999]: 99.51  [1000,1000]: 99.85  
---------- Iteration number: 2500 ------------
[995,995]:  0.00  [996,996]: 97.95  [997,997]: 98.56  [998,998]: 99.08  [999,999]: 99.51  [1000,1000]: 99.85  
---------- Iteration number: 2600 ------------
[995,995]:  0.00  [996,996]: 97.99  [997,997]: 98.59  [998,998]: 99.10  [999,999]: 99.52  [1000,1000]: 99.86  
---------- Iteration number: 2700 ------------
[995,995]:  0.00  [996,996]: 98.04  [997,997]: 98.62  [998,998]: 99.12  [999,999]: 99.53  [1000,1000]: 99.86  
---------- Iteration number: 2800 ------------
[995,995]:  0.00  [996,996]: 98.08  [997,997]: 98.64  [998,998]: 99.13  [999,999]: 99.54  [1000,1000]: 99.86  
---------- Iteration number: 2900 ------------
[995,995]:  0.00  [996,996]: 98.11  [997,997]: 98.67  [998,998]: 99.14  [999,999]: 99.54  [1000,1000]: 99.86  
---------- Iteration number: 3000 ------------
[995,995]:  0.00  [996,996]: 98.15  [997,997]: 98.69  [998,998]: 99.16  [999,999]: 99.55  [1000,1000]: 99.86  
---------- Iteration number: 3100 ------------
[995,995]:  0.00  [996,996]: 98.18  [997,997]: 98.71  [998,998]: 99.17  [999,999]: 99.55  [1000,1000]: 99.86  
---------- Iteration number: 3200 ------------
[995,995]:  0.00  [996,996]: 98.21  [997,997]: 98.73  [998,998]: 99.18  [999,999]: 99.56  [1000,1000]: 99.86  
---------- Iteration number: 3300 ------------
[995,995]:  0.00  [996,996]: 98.24  [997,997]: 98.75  [998,998]: 99.19  [999,999]: 99.56  [1000,1000]: 99.87  

Max error at iteration 3372 was 0.009995
Total time was 0.566697 seconds.
